<?xml version="1.0" encoding="UTF-8"?>
<testsuite name="ParserTest" tests="1" skipped="0" failures="0" errors="0" timestamp="2024-04-23T21:00:07" hostname="DESKTOP-TEDQIAU" time="0.026">
  <properties/>
  <testcase name="testSortByName()" classname="ParserTest" time="0.026"/>
  <system-out><![CDATA[]]></system-out>
  <system-err><![CDATA[]]></system-err>
</testsuite>
